START
Wed Oct  4 21:51:16 PDT 2017 --- RUNNING pollux

Pollux 1.0.2
Source compiled on Feb  6 2017 at 22:24:23.

Considering argument: -i : number of input files is 2
Considering argument: -p : paired input
Considering argument: -o : output directory is /u/home/s/serghei/project/code/ec2/wrappers/reads/pollux
Considering argument: -k : k-mer size is 15

File name: input_1.fastq
File name: input_2.fastq

ERROR CORRECTION

Creating read objects...
Reading file: input_1.fastq
Reading file: input_2.fastq
Finished creating read objects!

Constructing k-mers...
Processing file 1/2...
0% 5% 10% 15% 20% 25% 30% 35% 40% 45% 50% 55% 60% 65% 70% 75% 80% 85% 90% 95% 100% 
Preprocessing k-mers...
0% 5% 10% 15% 20% 25% 30% 35% 40% 45% 50% 55% 60% 65% 70% 75% 80% 85% 90% 95% 100% 
Removed 8234 unique k-mers from the set of 20076 total k-mers.
Resizing...
Finished resizing...
Low k-mer count value was observed to be 6.
Finished preprocessing k-mers!

Processing file 2/2...
0% 5% 10% 15% 20% 25% 30% 35% 40% 45% 50% 55% 60% 65% 70% 75% 80% 85% 90% 95% 100% 
Preprocessing k-mers...
0% 5% 10% 15% 20% 25% 30% 35% 40% 45% 50% 55% 60% 65% 70% 75% 80% 85% 90% 95% 100% 
Removed 18728 unique k-mers from the set of 32494 total k-mers.
Resizing...
Finished resizing...
Low k-mer count value was observed to be 9.
Finished preprocessing k-mers!

Finished constructing k-mers!

Correcting reads...
Correcting paired files.
0% 5% 10% 15% 20% 25% 30% 35% 40% 45% 50% 55% 60% 65% 70% 75% 80% 85% 90% 95% 100% 

Corrected...
Reads with Multiple Corrections: 393

Substitution Corrections: 1094
Single Insertion Corrections: 84
Single Deletion Corrections: 52

Total Homopolymer Corrections: 370

Breakdown:
< -10: 0
-10 : 0
-9 : 0
-8 : 0
-7 : 0
-6 : 0
-5 : 0
-4 : 0
-3 : 1
-2 : 34
-1 : 186
1 : 146
2 : 3
3 : 0
4 : 0
5 : 0
6 : 0
7 : 0
8 : 0
9 : 0
10 : 0
> 10: 0

Total Insertions (Single + Homopolymer): 236
Total Deletions (Single + Homopolymer): 309

Finished correcting reads!

Wed Oct  4 21:51:30 PDT 2017 --- TOTAL RUNTIME: 0:00:00:14.1010
Wed Oct  4 21:51:30 PDT 2017 --- FINISHED RUNNING pollux 
Wed Oct  4 21:51:30 PDT 2017 --- TRANSFORMING OUTPUT
Wed Oct  4 21:51:30 PDT 2017 --- TRANSFORMING OUTPUT DONE
DONE