RECKONER ver. 1.1

Parsing arguments is finished
     Read File 1
          Name:                    : /u/home/s/serghei/project/code/ec2/wrappers/reads/reckoner/one_input_file.fastq
          Compressed:              : N
     Log File Name                 : /u/home/s/serghei/project/code/ec2/wrappers/reads/reckoner/one_input_file.log
     K-mer Length                  : 15
     Number of Threads             : 1

##################################################
CHECKING READS
##################################################
/u/home/s/serghei/project/code/ec2/wrappers/reads/reckoner/one_input_file.fastq
     Quality score offset          : 33

##################################################
K - MER COUNTING
##################################################

##################################################
DETERMINING CUTOFF THRESHOLD
##################################################
Cutoff: 5

##################################################
REMOVING UNTRUSTED K - MERS
##################################################

##################################################
CORRECTING ERRORS
##################################################
/u/home/s/serghei/project/code/ec2/wrappers/reads/reckoner/one_input_file.fastq
     Number of corrected reads     : 552

Running Time
     Checking reads
          /u/home/s/serghei/project/code/ec2/wrappers/reads/reckoner/one_input_file.fastq
               Start: Wed Oct  4 21:53:27 2017
               End  : Wed Oct  4 21:53:27 2017
     Counting k-mers
          Start: Wed Oct  4 21:53:27 2017
          End  : Wed Oct  4 21:53:30 2017
     Determining cutoff threshold
          Start: Wed Oct  4 21:53:30 2017
          End  : Wed Oct  4 21:53:30 2017
     Removing untrusted k-mers
          Start: Wed Oct  4 21:53:30 2017
          End  : Wed Oct  4 21:53:31 2017
     Correcting errors in reads
          /u/home/s/serghei/project/code/ec2/wrappers/reads/reckoner/one_input_file.fastq
               Start: Wed Oct  4 21:53:31 2017
               End  : Wed Oct  4 21:53:31 2017

The program is successfully completed

