START
Wed Oct  4 21:50:26 PDT 2017 --- RUNNING musket
The kmer sizes that will be used are as follows: 
	Kmer size: 15 and estimated number of k-mers: 1000
#master threads: 1 #worker threads: 1
Determine all non-unique k-mers
Time taken: 0.033226 seconds
Calculate the multiplicity of each k-mer
Time taken: 0.0139091 seconds
Remove unique k-mers in the hash tables
Time taken: 0.00107193 seconds
Estimate the minimum multiplicity threshold
For k-mer size 15
Maximum multiplicity 255
	Coverage: 92660
	Average coverage: 12.4292
	Number of k-mers 7455
	K-mer frequency histogram (>=2): 
1662,824,531,478,463,371,269,272,299,197,200,144,129,109,88,76,90,87,71,29,44,42,27,23,23,22,29,25,26,34,37,34,39,35,35,42,27,28,22,22,34,29,20,9,15,8,7,14,14,15,10,7,14,6,6,5,11,9,16,8,4,7,7,0,2,3,4,4,7,6,2,2,2,5,4,6,1,0,2,2,2,2,1,1,3,5,5,5,4,1,3,2,4,3,2,1,5,0,2,1,3,2,3,2,2,1,1,2,5,3,2,0,0,2,3,1,0,0,0,0,0,0,0,1,0,0,0,0,0,0,0,0,0,0,1,0,0,0,0,3,1,0,1,1,2,0,2,6,0,0,0,0,1,0,0,0,0,1,0,0,0,0,1,2,0,1,1,1,0,0,0,0,1,3,1,0,2,0,2,0,0,0,0,0,0,0,0,0,0,0,0,0,0,1,0,1,0,0,0,0,0,0,0,0,0,0,0,1,0,0,0,0,0,0,0,0,0,0,0,0,0,0,0,0,0,0,0,0,0,0,0,0,0,0,0,0,0,0,0,0,0,0,0,0,0,0,0,0,0,0,0,0,0,
Will estimate the minimum multiplicty from the k-mer histogram
Min multi:  9
Time taken: 0.00132012 seconds
Perform error correction
Processed 1216 reads
Finish the error correction
Overall execution time 0.981836 seconds
Wed Oct  4 21:50:28 PDT 2017 --- TOTAL RUNTIME: 0:00:00:1.2275
Wed Oct  4 21:50:28 PDT 2017 --- FINISHED RUNNING musket 
Wed Oct  4 21:50:28 PDT 2017 --- TRANSFORMING OUTPUT
Wed Oct  4 21:50:28 PDT 2017 --- TRANSFORMING OUTPUT DONE
DONESTART
Wed Oct  4 22:01:42 PDT 2017 --- RUNNING musket
Two values for option -k
Wed Oct  4 22:01:42 PDT 2017 --- TOTAL RUNTIME: 0:00:00:0.1428
Wed Oct  4 22:01:42 PDT 2017 --- FINISHED RUNNING musket 
Wed Oct  4 22:01:42 PDT 2017 --- TRANSFORMING OUTPUT
Wed Oct  4 22:01:42 PDT 2017 --- TRANSFORMING OUTPUT DONE
DONESTART
START
