START
Fri Oct 13 22:55:25 PDT 2017 --- RUNNING lighter
[2017-10-13 22:55:25] =============Start====================
[2017-10-13 22:55:25] Scanning the input files to infer alpha(sampling rate)
[2017-10-13 22:55:25] Average coverage is 20.267 and alpha is 0.345
[2017-10-13 22:55:25] Bad quality threshold is ","
[2017-10-13 22:55:25] Finish sampling kmers
[2017-10-13 22:55:25] Bloom filter A's false positive rate: 0.061023
[2017-10-13 22:55:25] Finish storing trusted kmers
[2017-10-13 22:55:25] Finish error correction
Processed 608 reads:
	292 are error-free
	Corrected 523 bases(1.655063 corrections for reads with errors)
	Trimmed 0 reads with average trimmed bases 0.000000
	Discard 0 reads
Fri Oct 13 22:55:25 PDT 2017 --- TOTAL RUNTIME: 0:00:00:0.0714
Fri Oct 13 22:55:25 PDT 2017 --- FINISHED RUNNING lighter 
Fri Oct 13 22:55:25 PDT 2017 --- TRANSFORMING OUTPUT
Fri Oct 13 22:55:25 PDT 2017 --- TRANSFORMING OUTPUT DONE
DONE