START
Tue Oct 10 21:57:44 PDT 2017 --- RUNNING bless
--------------------------------------------------------------------------
[[43183,1],0]: A high-performance Open MPI point-to-point messaging module
was unable to find any relevant network interfaces:

Module: OpenFabrics (openib)
  Host: login1

Another transport will be used instead, although this may result in
lower performance.
--------------------------------------------------------------------------

----------------------------------------------------------------------
           BLESS: Bloom-filter based error correction tool
----------------------------------------------------------------------
CONTACT : Yun Heo (yunheo1@illinois.edu)
VERSION: 1.02
DATE   : Jun. 10, 2015
----------------------------------------------------------------------

Parsing arguments
     Number of nodes              : 1
     Number of threads per node   : 12
     Max memory usage for KMC     : 4 GB
     1st read file name           : sim_rl_75_cov_1_1.fastq
     2nd read file name           : sim_rl_75_cov_1_1.fastq
     k-mer length                 : 18
     Target false positive prob.  : 0.001
     Random seed                  : 0
     k-mer occurence threshold    : Not specified
     Read extension amount        : 5
     Load given Bloom filter data : Off
     No trim reads                : Off
     Gzip corrected reads         : Off
     Parsing arguments            : done

Checking input read files
     Number of pairs           : 3229
     Quality score offset      : 33
     Quality score threshold   : 23
     Low quality score threhold: 10
     Checking input read files : done

Counting the number of k-mers
     k-mer occurrence threshold   : 3
     Number of unique solid k-mers: 9857
     Counting the number of k-mers: done

Determining Bloom filter parameters
     Bloom filter
     Number of keys           : 9857
     Bit-vector size          : 1 MB
     Number of hash functions : 6
     Determining Bloom filter parameters: done

Programming k-mers to the Bloom filter
     Programming k-mers to the Bloom filter: done

Correcting errors in reads
     Number of corrected errors: 1316
     Number of trimmed bases   : 7212
     Number of corrected reads : 1098
     Correcting errors in reads: done

Merging output files
     Merging output files: done

Running Time
     Checking reads
          Start: Tue Oct 10 21:57:45 2017
          End  : Tue Oct 10 21:57:45 2017
     Counting the number of unique solid k-mers
          Start: Tue Oct 10 21:57:45 2017
          End  : Tue Oct 10 21:57:47 2017
     Programming k-mers into the Bloom filter
          Start: Tue Oct 10 21:57:47 2017
          End  : Tue Oct 10 21:57:48 2017
     Correcting errors in reads
          Start: Tue Oct 10 21:57:48 2017
          End  : Tue Oct 10 21:57:48 2017
     Merging output files
          Start: Tue Oct 10 21:57:48 2017
          End  : Tue Oct 10 21:57:48 2017

BLESS is successfully completed

Tue Oct 10 21:57:48 PDT 2017 --- TOTAL RUNTIME: 0:00:00:3.6289
Tue Oct 10 21:57:48 PDT 2017 --- FINISHED RUNNING bless 
Tue Oct 10 21:57:48 PDT 2017 --- TRANSFORMING OUTPUT
Tue Oct 10 21:57:48 PDT 2017 --- TRANSFORMING OUTPUT DONE
DONE