START
Fri Oct 13 22:55:35 PDT 2017 --- RUNNING soapec
Program start..
Program:	KmerFreq_HA
Version:	v2.03
Author:		BGI-ShenZhen
CompileDate:	Apr 22 2017 time: 22:18:24
Current time:	Fri Oct 13 22:55:35 2017
Command line:	/u/home/d/douglasy/SOAPec_src_v2.03/src/Kmerfreq_HA/KmerFreq_HA -k 18 -p output_kmerfreq -l file_with_read_files.lst -L 100
Start to construct kmer-freq table...
1 threads created!
File: input_1.fastq
the operating file is: input_1.fastq
Load All files done!
Waiting for threads to exit...
All threads finished!
Used time: 0 minutes.
Finish kmer-freq table construction!
Used time: 0mins.

Start to analysis the result...
Please check the peek position carefully

All done! Used time: 0mins.
Thank you!

Program start..
Program:	Corrector_HA
Version:	v2.03
Author:		BGI-ShenZhen
CompileDate:	Apr 22 2017 time: 22:18:33
Current time:	Fri Oct 13 22:55:35 2017
Command line:	/u/home/d/douglasy/SOAPec_src_v2.03/src/Corrector_HA/Corrector_HA -j 0 -o 3 -k 18 output_kmerfreq.freq.gz file_with_read_files.lst

Start to caculate high-freq kmer species number...
Finish caculation. The number of kmer species which frequency higher than 3 is: 3560
Run time: 0s.

Start to load the kmer frequency table...
Finish loading the kmer frequency table!
KmerSize 18
Kmer_species_num 11034
Low_freq_kmer_ratio 0.677361
Run time: 0s.
1 threads creation done!

Finished to parse file input_1.fastq

Parsed all the reads files completed
Run time: 0s.
Run time: 0s.
Begin output the QC file...
Finished output QC file!
All done!
Run time: 0s.
Fri Oct 13 22:55:35 PDT 2017 --- TOTAL RUNTIME: 0:00:00:0.3765
Fri Oct 13 22:55:35 PDT 2017 --- FINISHED RUNNING soapec 
Fri Oct 13 22:55:35 PDT 2017 --- TRANSFORMING OUTPUT
Fri Oct 13 22:55:35 PDT 2017 --- TRANSFORMING OUTPUT DONE
DONE