START
Wed Oct  4 21:37:48 PDT 2017 --- RUNNING sga
Parameters:
QualTrim: 0
QualFilter: no filtering
HardClip: 0
Min length: 40
Sample freq: 1
PE Mode: 0
Quality scaling: 2
MinGC: 0
MaxGC: 1
Outfile: one_output_file.preprocessed.fastq
Orphan file: none
Discarding sequences with ambiguous bases
Seed: 1507178268
Processing one_input_file.fastq


Preprocess stats:
Reads parsed:	1216
Reads kept:	1216 (1)
Reads failed primer screen:	0 (0)
Bases parsed:	121600
Bases kept:	121600 (1)
Number of incorrectly paired reads that were discarded: 0
[timer - sga preprocess] wall clock: 0.02s CPU: 0.00s
[timer - sga index] wall clock: 0.37s CPU: 0.19s
Building index for one_output_file.preprocessed.fastq in memory using ropebwt
	 done bwt construction, generating .sai file
	 done rbwt construction, generating .rsai file
[timer - sga::correct] wall clock: 0.25s CPU: 0.24s
Correcting sequencing errors for one_output_file.preprocessed.fastq

RLBWT info:
Large Sample rate: 8192
Small Sample rate: 128
Contains 122816 symbols in 20598 runs (5.9625 symbols per run)
Marker Memory -- Small Markers: 11532 (0.0 MB) Large Markers: 768 (0.0 MB)
Total Memory -- Markers: 12300 (0.0 MB) Str: 20598 (0.0 MB) Misc: 152 Total: 33050 (0.031519 MB)
N: 122816 Bytes per symbol: 0.269102

ecParams.min_count_max_base = 4
ecParams.base_threshold = 2
ecParams.countOffset = 1
[sga::process] processed 1216 sequences in 0.249498s (4873.786563 sequences/s)
Reads passed kmer QC check: 999
Reads passed overlap QC check: 0
Reads failed QC: 217
Wed Oct  4 21:37:50 PDT 2017 --- TOTAL RUNTIME: 0:00:00:2.4015
Wed Oct  4 21:37:50 PDT 2017 --- FINISHED RUNNING sga 
Wed Oct  4 21:37:50 PDT 2017 --- TRANSFORMING OUTPUT
Wed Oct  4 21:37:50 PDT 2017 --- TRANSFORMING OUTPUT DONE
DONE