START
Wed Oct  4 21:48:09 PDT 2017 --- RUNNING lighter
[2017-10-04 21:48:09] =============Start====================
[2017-10-04 21:48:09] Scanning the input files to infer alpha(sampling rate)
[2017-10-04 21:48:09] Average coverage is 121.600 and alpha is 0.058
[2017-10-04 21:48:09] Bad quality threshold is "("
[2017-10-04 21:48:09] Finish sampling kmers
[2017-10-04 21:48:09] Bloom filter A's false positive rate: 0.254166
[2017-10-04 21:48:09] The error rate is high. Lighter adjusts -maxcor to 5 and bad quality threshold to ")".
[2017-10-04 21:48:09] Finish storing trusted kmers
[2017-10-04 21:48:09] Finish error correction
Processed 1216 reads:
	318 are error-free
	Corrected 2203 bases(2.453229 corrections for reads with errors)
	Trimmed 0 reads with average trimmed bases 0.000000
	Discard 0 reads
Wed Oct  4 21:48:09 PDT 2017 --- TOTAL RUNTIME: 0:00:00:0.3612
Wed Oct  4 21:48:09 PDT 2017 --- FINISHED RUNNING lighter 
Wed Oct  4 21:48:09 PDT 2017 --- TRANSFORMING OUTPUT
Wed Oct  4 21:48:09 PDT 2017 --- TRANSFORMING OUTPUT DONE
DONE