START
Fri Oct 13 13:57:43 PDT 2017 --- RUNNING bless
--------------------------------------------------------------------------
[[10826,1],0]: A high-performance Open MPI point-to-point messaging module
was unable to find any relevant network interfaces:

Module: OpenFabrics (openib)
  Host: login4

Another transport will be used instead, although this may result in
lower performance.
--------------------------------------------------------------------------

----------------------------------------------------------------------
           BLESS: Bloom-filter based error correction tool
----------------------------------------------------------------------
CONTACT : Yun Heo (yunheo1@illinois.edu)
VERSION: 1.02
DATE   : Jun. 10, 2015
----------------------------------------------------------------------

Parsing arguments
     Number of nodes              : 1
     Number of threads per node   : 12
     Max memory usage for KMC     : 4 GB
     1st read file name           : reads/input_1.fastq
     2nd read file name           : reads/input_2.fastq
     k-mer length                 : 18
     Target false positive prob.  : 0.001
     Random seed                  : 0
     k-mer occurence threshold    : Not specified
     Read extension amount        : 5
     Load given Bloom filter data : Off
     No trim reads                : Off
     Gzip corrected reads         : Off
     Parsing arguments            : done

Checking input read files
     Number of pairs           : 608
     Quality score offset      : 33
     Quality score threshold   : 14
     Low quality score threhold: 5
     Checking input read files : done

Counting the number of k-mers
START
Fri Oct 13 14:06:09 PDT 2017 --- RUNNING bless
run.bless.sh: line 88: /u/home/s/serghei/code/import/bless/bless: No such file or directory
Fri Oct 13 14:06:09 PDT 2017 --- TOTAL RUNTIME: 0:00:00:0.0000
Fri Oct 13 14:06:09 PDT 2017 --- FINISHED RUNNING bless 
Fri Oct 13 14:06:09 PDT 2017 --- TRANSFORMING OUTPUT
Fri Oct 13 14:06:09 PDT 2017 --- TRANSFORMING OUTPUT DONE
DONE