**

********** Used parameters: **********
No. of input files           : 2
Output file name             : /u/home/s/serghei/project/code/ec2/wrappers/reads/bless/one_output_file.kmc.00000
No. of working directories   : 1
Input format                 : FASTQ

k-mer length                 : 15
Max. k-mer length            : 256
Signature length             : 7
Min. count threshold         : 2
Max. count threshold         : 1000000000
Max. counter value           : 255
Type of counters             : direct
Both strands                 : true
RAM olny mode                : false

******* Stage 1 configuration: *******

No. of bins                  : 512
Bin part size                : 65536
Input buffer size            : 4194304

No. of readers               : 1
No. of splitters             : 11

Max. mem. size               :  4000MB
Max. mem. per storer         :  2251MB
Max. mem. for single package :    33MB

Max. mem. for PMM (bin parts):  3464MB
Max. mem. for PMM (FASTQ)    :   460MB
Max. mem. for PMM (reads)    :     2MB

**

******* Stage 2 configuration: *******
No. of sorters               : 12
No. of sort. threads         : 1, 1, 1, 1, 1, 1, 1, 1, 1, 1, 1, 1

Max. mem. for 2nd stage      :    16MB

********************************************************************************************************************************************************************************************************************************************************************************************************************************************************************************************************************************************************************************************************************************

1st stage: 1.93262s
2nd stage: 0.082638s
3rd stage: 0.015865s
Total    : 2.03113s
Tmp size : 0MB
Tmp size strict memory : 0MB
Tmp total: 0MB

Stats:
   No. of k-mers below min. threshold :        11916
   No. of k-mers above max. threshold :            0
   No. of unique k-mers               :        19371
   No. of unique counted k-mers       :         7455
   Total no. of k-mers                :       104576
   Total no. of reads                 :         1216
   Total no. of super-k-mers          :        21718
