START
Fri Oct 13 11:45:46 PDT 2017 --- RUNNING bless
--------------------------------------------------------------------------
[[62651,1],0]: A high-performance Open MPI point-to-point messaging module
was unable to find any relevant network interfaces:

Module: OpenFabrics (openib)
  Host: login3

Another transport will be used instead, although this may result in
lower performance.
--------------------------------------------------------------------------

----------------------------------------------------------------------
           BLESS: Bloom-filter based error correction tool
----------------------------------------------------------------------
CONTACT : Yun Heo (yunheo1@illinois.edu)
VERSION: 1.02
DATE   : Jun. 10, 2015
----------------------------------------------------------------------

Parsing arguments
     Number of nodes              : 1
     Number of threads per node   : 12
     Max memory usage for KMC     : 4 GB
     1st read file name           : input_1.fastq
     2nd read file name           : input_2.fastq
     k-mer length                 : 22
     Target false positive prob.  : 0.001
     Random seed                  : 0
     k-mer occurence threshold    : Not specified
     Read extension amount        : 5
     Load given Bloom filter data : Off
     No trim reads                : Off
     Gzip corrected reads         : Off
     Parsing arguments            : done

Checking input read files
     Number of pairs           : 608
     Quality score offset      : 33
     Quality score threshold   : 14
     Low quality score threhold: 5
     Checking input read files : done

Counting the number of k-mers
terminate called after throwing an instance of 'boost::filesystem::filesystem_error'
  what():  boost::filesystem::remove: Device or resource busy: "/u/home/s/serghei/project/code/ec2/wrappers/example/bless/one_output_file.00000/.panfs.506010ac.1507920213327335000"
[login3:08292] *** Process received signal ***
[login3:08292] Signal: Aborted (6)
[login3:08292] Signal code:  (-6)
[login3:08292] [ 0] /lib64/libpthread.so.0(+0xf7e0)[0x7f6d4269b7e0]
[login3:08292] [ 1] /lib64/libc.so.6(gsignal+0x35)[0x7f6d4232a495]
[login3:08292] [ 2] /lib64/libc.so.6(abort+0x175)[0x7f6d4232bc75]
[login3:08292] [ 3] /u/local/compilers/gcc/4.9.3/lib64/libstdc++.so.6(_ZN9__gnu_cxx27__verbose_terminate_handlerEv+0x15d)[0x7f6d42fb907d]
[login3:08292] [ 4] /u/local/compilers/gcc/4.9.3/lib64/libstdc++.so.6(+0x5e0e6)[0x7f6d42fb70e6]
[login3:08292] [ 5] /u/local/compilers/gcc/4.9.3/lib64/libstdc++.so.6(+0x5e131)[0x7f6d42fb7131]
[login3:08292] [ 6] /u/local/compilers/gcc/4.9.3/lib64/libstdc++.so.6(+0x5e348)[0x7f6d42fb7348]
[login3:08292] [ 7] /u/home/s/serghei/code/import/bless/bless[0x467c7c]
[login3:08292] [ 8] /u/home/s/serghei/code/import/bless/bless[0x468863]
[login3:08292] [ 9] /u/home/s/serghei/code/import/bless/bless[0x468c9a]
[login3:08292] [10] /u/home/s/serghei/code/import/bless/bless[0x4692c5]
[login3:08292] [11] /u/home/s/serghei/code/import/bless/bless[0x459b4e]
[login3:08292] [12] /u/home/s/serghei/code/import/bless/bless[0x45c034]
[login3:08292] [13] /u/home/s/serghei/code/import/bless/bless[0x45e87f]
[login3:08292] [14] /lib64/libc.so.6(__libc_start_main+0xfd)[0x7f6d42316d1d]
[login3:08292] [15] /u/home/s/serghei/code/import/bless/bless[0x40e1fd]
[login3:08292] *** End of error message ***
Fri Oct 13 11:45:46 PDT 2017 --- TOTAL RUNTIME: 0:00:00:0.1197
Fri Oct 13 11:45:46 PDT 2017 --- FINISHED RUNNING bless 
Fri Oct 13 11:45:46 PDT 2017 --- TRANSFORMING OUTPUT
Fri Oct 13 11:45:46 PDT 2017 --- TRANSFORMING OUTPUT DONE
DONESTART
Fri Oct 13 11:45:50 PDT 2017 --- RUNNING bless
--------------------------------------------------------------------------
[[62531,1],0]: A high-performance Open MPI point-to-point messaging module
was unable to find any relevant network interfaces:

Module: OpenFabrics (openib)
  Host: login3

Another transport will be used instead, although this may result in
lower performance.
--------------------------------------------------------------------------

----------------------------------------------------------------------
           BLESS: Bloom-filter based error correction tool
----------------------------------------------------------------------
CONTACT : Yun Heo (yunheo1@illinois.edu)
VERSION: 1.02
DATE   : Jun. 10, 2015
----------------------------------------------------------------------

Parsing arguments
     Number of nodes              : 1
     Number of threads per node   : 12
     Max memory usage for KMC     : 4 GB
     1st read file name           : input_1.fastq
     2nd read file name           : input_2.fastq
     k-mer length                 : 22
     Target false positive prob.  : 0.001
     Random seed                  : 0
     k-mer occurence threshold    : Not specified
     Read extension amount        : 5
     Load given Bloom filter data : Off
     No trim reads                : Off
     Gzip corrected reads         : Off
     Parsing arguments            : done

Checking input read files
     Number of pairs           : 608
     Quality score offset      : 33
     Quality score threshold   : 14
     Low quality score threhold: 5
     Checking input read files : done

Counting the number of k-mers
terminate called after throwing an instance of 'boost::filesystem::filesystem_error'
  what():  boost::filesystem::remove: Device or resource busy: "/u/home/s/serghei/project/code/ec2/wrappers/example/bless/one_output_file.00000/.panfs.506010ac.1507920213327335000"
[login3:08348] *** Process received signal ***
[login3:08348] Signal: Aborted (6)
[login3:08348] Signal code:  (-6)
[login3:08348] [ 0] /lib64/libpthread.so.0(+0xf7e0)[0x7fc250be97e0]
[login3:08348] [ 1] /lib64/libc.so.6(gsignal+0x35)[0x7fc250878495]
[login3:08348] [ 2] /lib64/libc.so.6(abort+0x175)[0x7fc250879c75]
[login3:08348] [ 3] /u/local/compilers/gcc/4.9.3/lib64/libstdc++.so.6(_ZN9__gnu_cxx27__verbose_terminate_handlerEv+0x15d)[0x7fc25150707d]
[login3:08348] [ 4] /u/local/compilers/gcc/4.9.3/lib64/libstdc++.so.6(+0x5e0e6)[0x7fc2515050e6]
[login3:08348] [ 5] /u/local/compilers/gcc/4.9.3/lib64/libstdc++.so.6(+0x5e131)[0x7fc251505131]
[login3:08348] [ 6] /u/local/compilers/gcc/4.9.3/lib64/libstdc++.so.6(+0x5e348)[0x7fc251505348]
[login3:08348] [ 7] /u/home/s/serghei/code/import/bless/bless[0x467c7c]
[login3:08348] [ 8] /u/home/s/serghei/code/import/bless/bless[0x468863]
[login3:08348] [ 9] /u/home/s/serghei/code/import/bless/bless[0x468c9a]
[login3:08348] [10] /u/home/s/serghei/code/import/bless/bless[0x4692c5]
[login3:08348] [11] /u/home/s/serghei/code/import/bless/bless[0x459b4e]
[login3:08348] [12] /u/home/s/serghei/code/import/bless/bless[0x45c034]
[login3:08348] [13] /u/home/s/serghei/code/import/bless/bless[0x45e87f]
[login3:08348] [14] /lib64/libc.so.6(__libc_start_main+0xfd)[0x7fc250864d1d]
[login3:08348] [15] /u/home/s/serghei/code/import/bless/bless[0x40e1fd]
[login3:08348] *** End of error message ***
Fri Oct 13 11:45:50 PDT 2017 --- TOTAL RUNTIME: 0:00:00:0.0821
Fri Oct 13 11:45:50 PDT 2017 --- FINISHED RUNNING bless 
Fri Oct 13 11:45:50 PDT 2017 --- TRANSFORMING OUTPUT
Fri Oct 13 11:45:50 PDT 2017 --- TRANSFORMING OUTPUT DONE
DONE